#
# A fatal error has been detected by the Java Runtime Environment:
#
#  EXCEPTION_UNCAUGHT_CXX_EXCEPTION (0xe06d7363) at pc=0x00007ffe2c41474c, pid=18728, tid=19240
#
# JRE version: Java(TM) SE Runtime Environment (17.0+35) (build 17+35-LTS-2724)
# Java VM: Java HotSpot(TM) 64-Bit Server VM (17+35-LTS-2724, mixed mode, sharing, tiered, compressed oops, compressed class ptrs, g1 gc, windows-amd64)
# Problematic frame:
# C  [KERNELBASE.dll+0x4474c]
#
# No core dump will be written. Minidumps are not enabled by default on client versions of Windows
#
# If you would like to submit a bug report, please visit:
#   https://bugreport.java.com/bugreport/crash.jsp
# The crash happened outside the Java Virtual Machine in native code.
# See problematic frame for where to report the bug.
#

---------------  S U M M A R Y ------------

Command Line: -javaagent:C:\Program Files\JetBrains\IntelliJ IDEA 2020.2.2\lib\idea_rt.jar=52066:C:\Program Files\JetBrains\IntelliJ IDEA 2020.2.2\bin -Dfile.encoding=UTF-8 come.example.iota.NodeInfo

Host: Intel(R) Core(TM) i7-8565U CPU @ 1.80GHz, 8 cores, 15G,  Windows 10 , 64 bit Build 22000 (10.0.22000.708)
Time: Wed Jul 20 23:38:14 2022 Mitteleuropäische Sommerzeit elapsed time: 0.323840 seconds (0d 0h 0m 0s)

---------------  T H R E A D  ---------------

Current thread (0x0000020484360960):  JavaThread "main" [_thread_in_native, id=19240, stack(0x0000004bd9100000,0x0000004bd9200000)]

Stack: [0x0000004bd9100000,0x0000004bd9200000],  sp=0x0000004bd91fa940,  free space=1002k
Native frames: (J=compiled Java code, j=interpreted, Vv=VM code, C=native code)
C  [KERNELBASE.dll+0x4474c]
C  [VCRUNTIME140.dll+0x6480]
C  [iota_client.dll+0x6309ae]

Java frames: (J=compiled Java code, j=interpreted, Vv=VM code)
j  org.iota.apis.BaseApi.callNativeLibrary(Ljava/lang/String;Ljava/lang/String;)Ljava/lang/String;+0
j  org.iota.apis.BaseApi.callBaseApi(Lorg/iota/apis/BaseApi$ClientCommand;)Lcom/google/gson/JsonElement;+11
j  org.iota.apis.NodeCoreApi.getNodeInfo()Lorg/iota/types/responses/NodeInfoResponse;+10
j  org.iota.Client.getNodeInfo()Lorg/iota/types/responses/NodeInfoResponse;+4
j  come.example.iota.NodeInfo.main([Ljava/lang/String;)V+18
v  ~StubRoutines::call_stub

siginfo: EXCEPTION_UNCAUGHT_CXX_EXCEPTION (0xe06d7363), ExceptionInformation=0x0000000019930520 0x0000004bd91faaa8 0x00007ffda1b33290 0x00007ffda1260000 


Register to memory mapping:

RIP=0x00007ffe2c41474c KERNELBASE.dll
RAX=0x0000000000000002 is an unknown value
RBX=0x00007ffda1b33290 iota_client.dll
RCX=0x0 is NULL
RDX=0x00000000000000ac is an unknown value
RSP=0x0000004bd91fa940 is pointing into the stack for thread: 0x0000020484360960
RBP=0x0000004bd91fac10 is pointing into the stack for thread: 0x0000020484360960
RSI=0x0000004bd91faaa8 is pointing into the stack for thread: 0x0000020484360960
RDI=0x0000000019930520 is an unknown value
R8 =0x0000000000000002 is an unknown value
R9 =0x0 is NULL
R10=0x0000000000000002 is an unknown value
R11=0x0000000000000056 is an unknown value
R12=0x00007ffda18d8268 iota_client.dll
R13=0x0000004bd91facc0 is pointing into the stack for thread: 0x0000020484360960
R14=0x00007ffda1a11018 iota_client.dll
R15=0x0000020484360901 points into unknown readable memory: ef 34 84 04 02 00 00


Registers:
RAX=0x0000000000000002, RBX=0x00007ffda1b33290, RCX=0x0000000000000000, RDX=0x00000000000000ac
RSP=0x0000004bd91fa940, RBP=0x0000004bd91fac10, RSI=0x0000004bd91faaa8, RDI=0x0000000019930520
R8 =0x0000000000000002, R9 =0x0000000000000000, R10=0x0000000000000002, R11=0x0000000000000056
R12=0x00007ffda18d8268, R13=0x0000004bd91facc0, R14=0x00007ffda1a11018, R15=0x0000020484360901
RIP=0x00007ffe2c41474c, EFLAGS=0x0000000000000202

Top of Stack: (sp=0x0000004bd91fa940)
0x0000004bd91fa940:   0000004bd91fab48 00007ffda1b33290
0x0000004bd91fa950:   0000004bd91faaa8 0000004bd91faa18
0x0000004bd91fa960:   00000081e06d7363 0000000000000000
0x0000004bd91fa970:   00007ffe2c41474c 0000000000000004
0x0000004bd91fa980:   0000000019930520 0000004bd91faaa8
0x0000004bd91fa990:   00007ffda1b33290 00007ffda1260000
0x0000004bd91fa9a0:   0000020400000000 00007ffda1a11018
0x0000004bd91fa9b0:   0000004bd91facc0 00007ffda18d8268
0x0000004bd91fa9c0:   00007ffda1a11018 00007ffe2e93ac3f
0x0000004bd91fa9d0:   0000004bd91faa40 00007ffda1b34000
0x0000004bd91fa9e0:   0000004bd91faaa8 0000000019930520
0x0000004bd91fa9f0:   00007ffda1b34000 00007ffda1260000
0x0000004bd91faa00:   0000ce6716470028 00000000000000ac
0x0000004bd91faa10:   00007ffda1b33290 00007ffe28306480
0x0000004bd91faa20:   0000000000000004 0000000000000000
0x0000004bd91faa30:   0000000000000001 0000004bd91faa48 

Instructions: (pc=0x00007ffe2c41474c)
0x00007ffe2c41464c:   48 21 75 48 4c 8d 45 48 41 b9 08 00 00 00 49 8b
0x00007ffe2c41465c:   cd 41 8d 51 fd 48 ff 15 80 cb 1f 00 0f 1f 44 00
0x00007ffe2c41466c:   00 8b f8 85 c0 78 86 be 01 00 00 00 e9 18 ff ff
0x00007ffe2c41467c:   ff 85 f6 74 21 41 b9 08 00 00 00 4c 8d 45 38 49
0x00007ffe2c41468c:   8b cd 41 8d 51 fd 48 ff 15 4f cb 1f 00 0f 1f 44
0x00007ffe2c41469c:   00 00 48 8b 4d 38 48 ff 15 77 c5 1f 00 0f 1f 44
0x00007ffe2c4146ac:   00 00 e9 4f ff ff ff cc cc cc cc cc 71 e1 d3 32
0x00007ffe2c4146bc:   5b 07 d5 dd 65 48 8b 04 25 30 00 00 00 8b 40 68
0x00007ffe2c4146cc:   c3 cc cc cc cc cc cc cc cc cc cc cc 71 18 d3 7a
0x00007ffe2c4146dc:   1a 87 89 f9 48 81 ec d8 00 00 00 48 8b 05 62 88
0x00007ffe2c4146ec:   2e 00 48 33 c4 48 89 84 24 c0 00 00 00 48 83 64
0x00007ffe2c4146fc:   24 28 00 48 8d 05 da ff ff ff 83 e2 01 89 4c 24
0x00007ffe2c41470c:   20 89 54 24 24 48 89 44 24 30 4d 85 c9 74 4f b8
0x00007ffe2c41471c:   0f 00 00 00 48 8d 4c 24 40 44 3b c0 49 8b d1 41
0x00007ffe2c41472c:   0f 46 c0 44 8b c0 44 89 44 24 38 49 c1 e0 03 e8
0x00007ffe2c41473c:   37 70 07 00 48 8d 4c 24 20 48 ff 15 f4 c5 1f 00
0x00007ffe2c41474c:   0f 1f 44 00 00 48 8b 8c 24 c0 00 00 00 48 33 cc
0x00007ffe2c41475c:   e8 cf b0 06 00 48 81 c4 d8 00 00 00 c3 cc 83 64
0x00007ffe2c41476c:   24 38 00 eb cf cc cc cc cc cc cc cc 71 c2 5b 1e
0x00007ffe2c41477c:   ed 06 b0 d2 48 89 5c 24 10 55 56 57 41 54 41 55
0x00007ffe2c41478c:   41 56 41 57 48 81 ec a0 03 00 00 48 8d 6c 24 50
0x00007ffe2c41479c:   48 83 e5 e0 48 8b 05 a9 87 2e 00 48 33 c4 48 89
0x00007ffe2c4147ac:   85 40 03 00 00 44 8b ea 44 89 45 2c 33 d2 48 89
0x00007ffe2c4147bc:   4d 10 41 8b c1 48 8b d9 89 45 04 8b fa 48 85 c9
0x00007ffe2c4147cc:   0f 84 50 63 09 00 85 c0 0f 84 c7 03 00 00 45 85
0x00007ffe2c4147dc:   ed 8d 5a 37 41 0f 45 dd f7 c3 c8 ff ff ff 0f 85
0x00007ffe2c4147ec:   78 67 09 00 44 8b e2 8d 72 01 8b ca 44 8b f3 41
0x00007ffe2c4147fc:   c1 ee 02 44 23 f6 f6 c3 21 41 0f 95 c4 f6 c3 11
0x00007ffe2c41480c:   44 89 65 1c 0f 95 c1 44 89 65 28 89 4d 00 89 4d
0x00007ffe2c41481c:   20 89 4d 24 45 85 e4 74 37 e8 d6 de ff ff 48 8b
0x00007ffe2c41482c:   78 10 e8 e9 ab ff ff 33 d2 4c 8b f8 48 85 ff 74
0x00007ffe2c41483c:   0f 44 8b 5f 4c 41 0f ba e3 10 0f 82 e0 62 09 00 


Stack slot to memory mapping:
stack at sp + 0 slots: 0x0000004bd91fab48 is pointing into the stack for thread: 0x0000020484360960
stack at sp + 1 slots: 0x00007ffda1b33290 iota_client.dll
stack at sp + 2 slots: 0x0000004bd91faaa8 is pointing into the stack for thread: 0x0000020484360960
stack at sp + 3 slots: 0x0000004bd91faa18 is pointing into the stack for thread: 0x0000020484360960
stack at sp + 4 slots: 0x00000081e06d7363 is an unknown value
stack at sp + 5 slots: 0x0 is NULL
stack at sp + 6 slots: 0x00007ffe2c41474c KERNELBASE.dll
stack at sp + 7 slots: 0x0000000000000004 is an unknown value


---------------  P R O C E S S  ---------------

Threads class SMR info:
_java_thread_list=0x00000204a7b4f1e0, length=13, elements={
0x0000020484360960, 0x00000204a6f383a0, 0x00000204a6f39210, 0x00000204a6f4eb60,
0x00000204a6f4f420, 0x00000204a6f50cf0, 0x00000204a6f54ba0, 0x00000204a6f55880,
0x00000204a6f5f650, 0x00000204a6f6a730, 0x00000204a7a0e9c0, 0x00000204a7a0f830,
0x00000204a7a0d680
}

Java Threads: ( => current thread )
=>0x0000020484360960 JavaThread "main" [_thread_in_native, id=19240, stack(0x0000004bd9100000,0x0000004bd9200000)]
  0x00000204a6f383a0 JavaThread "Reference Handler" daemon [_thread_blocked, id=7808, stack(0x0000004bd9800000,0x0000004bd9900000)]
  0x00000204a6f39210 JavaThread "Finalizer" daemon [_thread_blocked, id=18708, stack(0x0000004bd9900000,0x0000004bd9a00000)]
  0x00000204a6f4eb60 JavaThread "Signal Dispatcher" daemon [_thread_blocked, id=19856, stack(0x0000004bd9a00000,0x0000004bd9b00000)]
  0x00000204a6f4f420 JavaThread "Attach Listener" daemon [_thread_blocked, id=15152, stack(0x0000004bd9b00000,0x0000004bd9c00000)]
  0x00000204a6f50cf0 JavaThread "Service Thread" daemon [_thread_blocked, id=20536, stack(0x0000004bd9c00000,0x0000004bd9d00000)]
  0x00000204a6f54ba0 JavaThread "Monitor Deflation Thread" daemon [_thread_blocked, id=18684, stack(0x0000004bd9d00000,0x0000004bd9e00000)]
  0x00000204a6f55880 JavaThread "C2 CompilerThread0" daemon [_thread_blocked, id=10568, stack(0x0000004bd9e00000,0x0000004bd9f00000)]
  0x00000204a6f5f650 JavaThread "C1 CompilerThread0" daemon [_thread_blocked, id=13876, stack(0x0000004bd9f00000,0x0000004bda000000)]
  0x00000204a6f6a730 JavaThread "Sweeper thread" daemon [_thread_blocked, id=16804, stack(0x0000004bda000000,0x0000004bda100000)]
  0x00000204a7a0e9c0 JavaThread "Common-Cleaner" daemon [_thread_blocked, id=11992, stack(0x0000004bda100000,0x0000004bda200000)]
  0x00000204a7a0f830 JavaThread "Monitor Ctrl-Break" daemon [_thread_in_native, id=10824, stack(0x0000004bda300000,0x0000004bda400000)]
  0x00000204a7a0d680 JavaThread "Notification Thread" daemon [_thread_blocked, id=15960, stack(0x0000004bda400000,0x0000004bda500000)]

Other Threads:
  0x00000204a6f347b0 VMThread "VM Thread" [stack: 0x0000004bd9700000,0x0000004bd9800000] [id=20492]
  0x00000204a7b0e590 WatcherThread [stack: 0x0000004bda500000,0x0000004bda600000] [id=15544]
  0x00000204843afc60 GCTaskThread "GC Thread#0" [stack: 0x0000004bd9200000,0x0000004bd9300000] [id=19588]
  0x00000204843c18f0 ConcurrentGCThread "G1 Main Marker" [stack: 0x0000004bd9300000,0x0000004bd9400000] [id=7772]
  0x00000204843c4ac0 ConcurrentGCThread "G1 Conc#0" [stack: 0x0000004bd9400000,0x0000004bd9500000] [id=21440]
  0x0000020484437cb0 ConcurrentGCThread "G1 Refine#0" [stack: 0x0000004bd9500000,0x0000004bd9600000] [id=5552]
  0x00000204a6df3810 ConcurrentGCThread "G1 Service" [stack: 0x0000004bd9600000,0x0000004bd9700000] [id=5124]

Threads with active compile tasks:

VM state: not at safepoint (normal execution)

VM Mutex/Monitor currently owned by a thread: None

Heap address: 0x0000000702c00000, size: 4052 MB, Compressed Oops mode: Zero based, Oop shift amount: 3

CDS archive(s) mapped at: [0x0000000800000000-0x0000000800bc0000-0x0000000800bc0000), size 12320768, SharedBaseAddress: 0x0000000800000000, ArchiveRelocationMode: 0.
Compressed class space mapped at: 0x0000000800c00000-0x0000000840c00000, reserved size: 1073741824
Narrow klass base: 0x0000000800000000, Narrow klass shift: 0, Narrow klass range: 0x100000000

GC Precious Log:
 CPUs: 8 total, 8 available
 Memory: 16205M
 Large Page Support: Disabled
 NUMA Support: Disabled
 Compressed Oops: Enabled (Zero based)
 Heap Region Size: 2M
 Heap Min Capacity: 8M
 Heap Initial Capacity: 254M
 Heap Max Capacity: 4052M
 Pre-touch: Disabled
 Parallel Workers: 8
 Concurrent Workers: 2
 Concurrent Refinement Workers: 8
 Periodic GC: Disabled

Heap:
 garbage-first heap   total 260096K, used 4096K [0x0000000702c00000, 0x0000000800000000)
  region size 2048K, 3 young (6144K), 0 survivors (0K)
 Metaspace       used 2048K, committed 2176K, reserved 1056768K
  class space    used 207K, committed 256K, reserved 1048576K

Heap Regions: E=young(eden), S=young(survivor), O=old, HS=humongous(starts), HC=humongous(continues), CS=collection set, F=free, OA=open archive, CA=closed archive, TAMS=top-at-mark-start (previous, next)
|   0|0x0000000702c00000, 0x0000000702c00000, 0x0000000702e00000|  0%| F|  |TAMS 0x0000000702c00000, 0x0000000702c00000| Untracked 
|   1|0x0000000702e00000, 0x0000000702e00000, 0x0000000703000000|  0%| F|  |TAMS 0x0000000702e00000, 0x0000000702e00000| Untracked 
|   2|0x0000000703000000, 0x0000000703000000, 0x0000000703200000|  0%| F|  |TAMS 0x0000000703000000, 0x0000000703000000| Untracked 
|   3|0x0000000703200000, 0x0000000703200000, 0x0000000703400000|  0%| F|  |TAMS 0x0000000703200000, 0x0000000703200000| Untracked 
|   4|0x0000000703400000, 0x0000000703400000, 0x0000000703600000|  0%| F|  |TAMS 0x0000000703400000, 0x0000000703400000| Untracked 
|   5|0x0000000703600000, 0x0000000703600000, 0x0000000703800000|  0%| F|  |TAMS 0x0000000703600000, 0x0000000703600000| Untracked 
|   6|0x0000000703800000, 0x0000000703800000, 0x0000000703a00000|  0%| F|  |TAMS 0x0000000703800000, 0x0000000703800000| Untracked 
|   7|0x0000000703a00000, 0x0000000703a00000, 0x0000000703c00000|  0%| F|  |TAMS 0x0000000703a00000, 0x0000000703a00000| Untracked 
|   8|0x0000000703c00000, 0x0000000703c00000, 0x0000000703e00000|  0%| F|  |TAMS 0x0000000703c00000, 0x0000000703c00000| Untracked 
|   9|0x0000000703e00000, 0x0000000703e00000, 0x0000000704000000|  0%| F|  |TAMS 0x0000000703e00000, 0x0000000703e00000| Untracked 
|  10|0x0000000704000000, 0x0000000704000000, 0x0000000704200000|  0%| F|  |TAMS 0x0000000704000000, 0x0000000704000000| Untracked 
|  11|0x0000000704200000, 0x0000000704200000, 0x0000000704400000|  0%| F|  |TAMS 0x0000000704200000, 0x0000000704200000| Untracked 
|  12|0x0000000704400000, 0x0000000704400000, 0x0000000704600000|  0%| F|  |TAMS 0x0000000704400000, 0x0000000704400000| Untracked 
|  13|0x0000000704600000, 0x0000000704600000, 0x0000000704800000|  0%| F|  |TAMS 0x0000000704600000, 0x0000000704600000| Untracked 
|  14|0x0000000704800000, 0x0000000704800000, 0x0000000704a00000|  0%| F|  |TAMS 0x0000000704800000, 0x0000000704800000| Untracked 
|  15|0x0000000704a00000, 0x0000000704a00000, 0x0000000704c00000|  0%| F|  |TAMS 0x0000000704a00000, 0x0000000704a00000| Untracked 
|  16|0x0000000704c00000, 0x0000000704c00000, 0x0000000704e00000|  0%| F|  |TAMS 0x0000000704c00000, 0x0000000704c00000| Untracked 
|  17|0x0000000704e00000, 0x0000000704e00000, 0x0000000705000000|  0%| F|  |TAMS 0x0000000704e00000, 0x0000000704e00000| Untracked 
|  18|0x0000000705000000, 0x0000000705000000, 0x0000000705200000|  0%| F|  |TAMS 0x0000000705000000, 0x0000000705000000| Untracked 
|  19|0x0000000705200000, 0x0000000705200000, 0x0000000705400000|  0%| F|  |TAMS 0x0000000705200000, 0x0000000705200000| Untracked 
|  20|0x0000000705400000, 0x0000000705400000, 0x0000000705600000|  0%| F|  |TAMS 0x0000000705400000, 0x0000000705400000| Untracked 
|  21|0x0000000705600000, 0x0000000705600000, 0x0000000705800000|  0%| F|  |TAMS 0x0000000705600000, 0x0000000705600000| Untracked 
|  22|0x0000000705800000, 0x0000000705800000, 0x0000000705a00000|  0%| F|  |TAMS 0x0000000705800000, 0x0000000705800000| Untracked 
|  23|0x0000000705a00000, 0x0000000705a00000, 0x0000000705c00000|  0%| F|  |TAMS 0x0000000705a00000, 0x0000000705a00000| Untracked 
|  24|0x0000000705c00000, 0x0000000705c00000, 0x0000000705e00000|  0%| F|  |TAMS 0x0000000705c00000, 0x0000000705c00000| Untracked 
|  25|0x0000000705e00000, 0x0000000705e00000, 0x0000000706000000|  0%| F|  |TAMS 0x0000000705e00000, 0x0000000705e00000| Untracked 
|  26|0x0000000706000000, 0x0000000706000000, 0x0000000706200000|  0%| F|  |TAMS 0x0000000706000000, 0x0000000706000000| Untracked 
|  27|0x0000000706200000, 0x0000000706200000, 0x0000000706400000|  0%| F|  |TAMS 0x0000000706200000, 0x0000000706200000| Untracked 
|  28|0x0000000706400000, 0x0000000706400000, 0x0000000706600000|  0%| F|  |TAMS 0x0000000706400000, 0x0000000706400000| Untracked 
|  29|0x0000000706600000, 0x0000000706600000, 0x0000000706800000|  0%| F|  |TAMS 0x0000000706600000, 0x0000000706600000| Untracked 
|  30|0x0000000706800000, 0x0000000706800000, 0x0000000706a00000|  0%| F|  |TAMS 0x0000000706800000, 0x0000000706800000| Untracked 
|  31|0x0000000706a00000, 0x0000000706a00000, 0x0000000706c00000|  0%| F|  |TAMS 0x0000000706a00000, 0x0000000706a00000| Untracked 
|  32|0x0000000706c00000, 0x0000000706c00000, 0x0000000706e00000|  0%| F|  |TAMS 0x0000000706c00000, 0x0000000706c00000| Untracked 
|  33|0x0000000706e00000, 0x0000000706e00000, 0x0000000707000000|  0%| F|  |TAMS 0x0000000706e00000, 0x0000000706e00000| Untracked 
|  34|0x0000000707000000, 0x0000000707000000, 0x0000000707200000|  0%| F|  |TAMS 0x0000000707000000, 0x0000000707000000| Untracked 
|  35|0x0000000707200000, 0x0000000707200000, 0x0000000707400000|  0%| F|  |TAMS 0x0000000707200000, 0x0000000707200000| Untracked 
|  36|0x0000000707400000, 0x0000000707400000, 0x0000000707600000|  0%| F|  |TAMS 0x0000000707400000, 0x0000000707400000| Untracked 
|  37|0x0000000707600000, 0x0000000707600000, 0x0000000707800000|  0%| F|  |TAMS 0x0000000707600000, 0x0000000707600000| Untracked 
|  38|0x0000000707800000, 0x0000000707800000, 0x0000000707a00000|  0%| F|  |TAMS 0x0000000707800000, 0x0000000707800000| Untracked 
|  39|0x0000000707a00000, 0x0000000707a00000, 0x0000000707c00000|  0%| F|  |TAMS 0x0000000707a00000, 0x0000000707a00000| Untracked 
|  40|0x0000000707c00000, 0x0000000707c00000, 0x0000000707e00000|  0%| F|  |TAMS 0x0000000707c00000, 0x0000000707c00000| Untracked 
|  41|0x0000000707e00000, 0x0000000707e00000, 0x0000000708000000|  0%| F|  |TAMS 0x0000000707e00000, 0x0000000707e00000| Untracked 
|  42|0x0000000708000000, 0x0000000708000000, 0x0000000708200000|  0%| F|  |TAMS 0x0000000708000000, 0x0000000708000000| Untracked 
|  43|0x0000000708200000, 0x0000000708200000, 0x0000000708400000|  0%| F|  |TAMS 0x0000000708200000, 0x0000000708200000| Untracked 
|  44|0x0000000708400000, 0x0000000708400000, 0x0000000708600000|  0%| F|  |TAMS 0x0000000708400000, 0x0000000708400000| Untracked 
|  45|0x0000000708600000, 0x0000000708600000, 0x0000000708800000|  0%| F|  |TAMS 0x0000000708600000, 0x0000000708600000| Untracked 
|  46|0x0000000708800000, 0x0000000708800000, 0x0000000708a00000|  0%| F|  |TAMS 0x0000000708800000, 0x0000000708800000| Untracked 
|  47|0x0000000708a00000, 0x0000000708a00000, 0x0000000708c00000|  0%| F|  |TAMS 0x0000000708a00000, 0x0000000708a00000| Untracked 
|  48|0x0000000708c00000, 0x0000000708c00000, 0x0000000708e00000|  0%| F|  |TAMS 0x0000000708c00000, 0x0000000708c00000| Untracked 
|  49|0x0000000708e00000, 0x0000000708e00000, 0x0000000709000000|  0%| F|  |TAMS 0x0000000708e00000, 0x0000000708e00000| Untracked 
|  50|0x0000000709000000, 0x0000000709000000, 0x0000000709200000|  0%| F|  |TAMS 0x0000000709000000, 0x0000000709000000| Untracked 
|  51|0x0000000709200000, 0x0000000709200000, 0x0000000709400000|  0%| F|  |TAMS 0x0000000709200000, 0x0000000709200000| Untracked 
|  52|0x0000000709400000, 0x0000000709400000, 0x0000000709600000|  0%| F|  |TAMS 0x0000000709400000, 0x0000000709400000| Untracked 
|  53|0x0000000709600000, 0x0000000709600000, 0x0000000709800000|  0%| F|  |TAMS 0x0000000709600000, 0x0000000709600000| Untracked 
|  54|0x0000000709800000, 0x0000000709800000, 0x0000000709a00000|  0%| F|  |TAMS 0x0000000709800000, 0x0000000709800000| Untracked 
|  55|0x0000000709a00000, 0x0000000709a00000, 0x0000000709c00000|  0%| F|  |TAMS 0x0000000709a00000, 0x0000000709a00000| Untracked 
|  56|0x0000000709c00000, 0x0000000709c00000, 0x0000000709e00000|  0%| F|  |TAMS 0x0000000709c00000, 0x0000000709c00000| Untracked 
|  57|0x0000000709e00000, 0x0000000709e00000, 0x000000070a000000|  0%| F|  |TAMS 0x0000000709e00000, 0x0000000709e00000| Untracked 
|  58|0x000000070a000000, 0x000000070a000000, 0x000000070a200000|  0%| F|  |TAMS 0x000000070a000000, 0x000000070a000000| Untracked 
|  59|0x000000070a200000, 0x000000070a200000, 0x000000070a400000|  0%| F|  |TAMS 0x000000070a200000, 0x000000070a200000| Untracked 
|  60|0x000000070a400000, 0x000000070a400000, 0x000000070a600000|  0%| F|  |TAMS 0x000000070a400000, 0x000000070a400000| Untracked 
|  61|0x000000070a600000, 0x000000070a600000, 0x000000070a800000|  0%| F|  |TAMS 0x000000070a600000, 0x000000070a600000| Untracked 
|  62|0x000000070a800000, 0x000000070a800000, 0x000000070aa00000|  0%| F|  |TAMS 0x000000070a800000, 0x000000070a800000| Untracked 
|  63|0x000000070aa00000, 0x000000070aa00000, 0x000000070ac00000|  0%| F|  |TAMS 0x000000070aa00000, 0x000000070aa00000| Untracked 
|  64|0x000000070ac00000, 0x000000070ac00000, 0x000000070ae00000|  0%| F|  |TAMS 0x000000070ac00000, 0x000000070ac00000| Untracked 
|  65|0x000000070ae00000, 0x000000070ae00000, 0x000000070b000000|  0%| F|  |TAMS 0x000000070ae00000, 0x000000070ae00000| Untracked 
|  66|0x000000070b000000, 0x000000070b000000, 0x000000070b200000|  0%| F|  |TAMS 0x000000070b000000, 0x000000070b000000| Untracked 
|  67|0x000000070b200000, 0x000000070b200000, 0x000000070b400000|  0%| F|  |TAMS 0x000000070b200000, 0x000000070b200000| Untracked 
|  68|0x000000070b400000, 0x000000070b400000, 0x000000070b600000|  0%| F|  |TAMS 0x000000070b400000, 0x000000070b400000| Untracked 
|  69|0x000000070b600000, 0x000000070b600000, 0x000000070b800000|  0%| F|  |TAMS 0x000000070b600000, 0x000000070b600000| Untracked 
|  70|0x000000070b800000, 0x000000070b800000, 0x000000070ba00000|  0%| F|  |TAMS 0x000000070b800000, 0x000000070b800000| Untracked 
|  71|0x000000070ba00000, 0x000000070ba00000, 0x000000070bc00000|  0%| F|  |TAMS 0x000000070ba00000, 0x000000070ba00000| Untracked 
|  72|0x000000070bc00000, 0x000000070bc00000, 0x000000070be00000|  0%| F|  |TAMS 0x000000070bc00000, 0x000000070bc00000| Untracked 
|  73|0x000000070be00000, 0x000000070be00000, 0x000000070c000000|  0%| F|  |TAMS 0x000000070be00000, 0x000000070be00000| Untracked 
|  74|0x000000070c000000, 0x000000070c000000, 0x000000070c200000|  0%| F|  |TAMS 0x000000070c000000, 0x000000070c000000| Untracked 
|  75|0x000000070c200000, 0x000000070c200000, 0x000000070c400000|  0%| F|  |TAMS 0x000000070c200000, 0x000000070c200000| Untracked 
|  76|0x000000070c400000, 0x000000070c400000, 0x000000070c600000|  0%| F|  |TAMS 0x000000070c400000, 0x000000070c400000| Untracked 
|  77|0x000000070c600000, 0x000000070c600000, 0x000000070c800000|  0%| F|  |TAMS 0x000000070c600000, 0x000000070c600000| Untracked 
|  78|0x000000070c800000, 0x000000070c800000, 0x000000070ca00000|  0%| F|  |TAMS 0x000000070c800000, 0x000000070c800000| Untracked 
|  79|0x000000070ca00000, 0x000000070ca00000, 0x000000070cc00000|  0%| F|  |TAMS 0x000000070ca00000, 0x000000070ca00000| Untracked 
|  80|0x000000070cc00000, 0x000000070cc00000, 0x000000070ce00000|  0%| F|  |TAMS 0x000000070cc00000, 0x000000070cc00000| Untracked 
|  81|0x000000070ce00000, 0x000000070ce00000, 0x000000070d000000|  0%| F|  |TAMS 0x000000070ce00000, 0x000000070ce00000| Untracked 
|  82|0x000000070d000000, 0x000000070d000000, 0x000000070d200000|  0%| F|  |TAMS 0x000000070d000000, 0x000000070d000000| Untracked 
|  83|0x000000070d200000, 0x000000070d200000, 0x000000070d400000|  0%| F|  |TAMS 0x000000070d200000, 0x000000070d200000| Untracked 
|  84|0x000000070d400000, 0x000000070d400000, 0x000000070d600000|  0%| F|  |TAMS 0x000000070d400000, 0x000000070d400000| Untracked 
|  85|0x000000070d600000, 0x000000070d600000, 0x000000070d800000|  0%| F|  |TAMS 0x000000070d600000, 0x000000070d600000| Untracked 
|  86|0x000000070d800000, 0x000000070d800000, 0x000000070da00000|  0%| F|  |TAMS 0x000000070d800000, 0x000000070d800000| Untracked 
|  87|0x000000070da00000, 0x000000070da00000, 0x000000070dc00000|  0%| F|  |TAMS 0x000000070da00000, 0x000000070da00000| Untracked 
|  88|0x000000070dc00000, 0x000000070dc00000, 0x000000070de00000|  0%| F|  |TAMS 0x000000070dc00000, 0x000000070dc00000| Untracked 
|  89|0x000000070de00000, 0x000000070de00000, 0x000000070e000000|  0%| F|  |TAMS 0x000000070de00000, 0x000000070de00000| Untracked 
|  90|0x000000070e000000, 0x000000070e000000, 0x000000070e200000|  0%| F|  |TAMS 0x000000070e000000, 0x000000070e000000| Untracked 
|  91|0x000000070e200000, 0x000000070e200000, 0x000000070e400000|  0%| F|  |TAMS 0x000000070e200000, 0x000000070e200000| Untracked 
|  92|0x000000070e400000, 0x000000070e400000, 0x000000070e600000|  0%| F|  |TAMS 0x000000070e400000, 0x000000070e400000| Untracked 
|  93|0x000000070e600000, 0x000000070e600000, 0x000000070e800000|  0%| F|  |TAMS 0x000000070e600000, 0x000000070e600000| Untracked 
|  94|0x000000070e800000, 0x000000070e800000, 0x000000070ea00000|  0%| F|  |TAMS 0x000000070e800000, 0x000000070e800000| Untracked 
|  95|0x000000070ea00000, 0x000000070ea00000, 0x000000070ec00000|  0%| F|  |TAMS 0x000000070ea00000, 0x000000070ea00000| Untracked 
|  96|0x000000070ec00000, 0x000000070ec00000, 0x000000070ee00000|  0%| F|  |TAMS 0x000000070ec00000, 0x000000070ec00000| Untracked 
|  97|0x000000070ee00000, 0x000000070ee00000, 0x000000070f000000|  0%| F|  |TAMS 0x000000070ee00000, 0x000000070ee00000| Untracked 
|  98|0x000000070f000000, 0x000000070f000000, 0x000000070f200000|  0%| F|  |TAMS 0x000000070f000000, 0x000000070f000000| Untracked 
|  99|0x000000070f200000, 0x000000070f200000, 0x000000070f400000|  0%| F|  |TAMS 0x000000070f200000, 0x000000070f200000| Untracked 
| 100|0x000000070f400000, 0x000000070f400000, 0x000000070f600000|  0%| F|  |TAMS 0x000000070f400000, 0x000000070f400000| Untracked 
| 101|0x000000070f600000, 0x000000070f600000, 0x000000070f800000|  0%| F|  |TAMS 0x000000070f600000, 0x000000070f600000| Untracked 
| 102|0x000000070f800000, 0x000000070f800000, 0x000000070fa00000|  0%| F|  |TAMS 0x000000070f800000, 0x000000070f800000| Untracked 
| 103|0x000000070fa00000, 0x000000070fa00000, 0x000000070fc00000|  0%| F|  |TAMS 0x000000070fa00000, 0x000000070fa00000| Untracked 
| 104|0x000000070fc00000, 0x000000070fc00000, 0x000000070fe00000|  0%| F|  |TAMS 0x000000070fc00000, 0x000000070fc00000| Untracked 
| 105|0x000000070fe00000, 0x000000070fe00000, 0x0000000710000000|  0%| F|  |TAMS 0x000000070fe00000, 0x000000070fe00000| Untracked 
| 106|0x0000000710000000, 0x0000000710000000, 0x0000000710200000|  0%| F|  |TAMS 0x0000000710000000, 0x0000000710000000| Untracked 
| 107|0x0000000710200000, 0x0000000710200000, 0x0000000710400000|  0%| F|  |TAMS 0x0000000710200000, 0x0000000710200000| Untracked 
| 108|0x0000000710400000, 0x0000000710400000, 0x0000000710600000|  0%| F|  |TAMS 0x0000000710400000, 0x0000000710400000| Untracked 
| 109|0x0000000710600000, 0x0000000710600000, 0x0000000710800000|  0%| F|  |TAMS 0x0000000710600000, 0x0000000710600000| Untracked 
| 110|0x0000000710800000, 0x0000000710800000, 0x0000000710a00000|  0%| F|  |TAMS 0x0000000710800000, 0x0000000710800000| Untracked 
| 111|0x0000000710a00000, 0x0000000710a00000, 0x0000000710c00000|  0%| F|  |TAMS 0x0000000710a00000, 0x0000000710a00000| Untracked 
| 112|0x0000000710c00000, 0x0000000710c00000, 0x0000000710e00000|  0%| F|  |TAMS 0x0000000710c00000, 0x0000000710c00000| Untracked 
| 113|0x0000000710e00000, 0x0000000710e00000, 0x0000000711000000|  0%| F|  |TAMS 0x0000000710e00000, 0x0000000710e00000| Untracked 
| 114|0x0000000711000000, 0x0000000711000000, 0x0000000711200000|  0%| F|  |TAMS 0x0000000711000000, 0x0000000711000000| Untracked 
| 115|0x0000000711200000, 0x0000000711200000, 0x0000000711400000|  0%| F|  |TAMS 0x0000000711200000, 0x0000000711200000| Untracked 
| 116|0x0000000711400000, 0x0000000711400000, 0x0000000711600000|  0%| F|  |TAMS 0x0000000711400000, 0x0000000711400000| Untracked 
| 117|0x0000000711600000, 0x0000000711600000, 0x0000000711800000|  0%| F|  |TAMS 0x0000000711600000, 0x0000000711600000| Untracked 
| 118|0x0000000711800000, 0x0000000711800000, 0x0000000711a00000|  0%| F|  |TAMS 0x0000000711800000, 0x0000000711800000| Untracked 
| 119|0x0000000711a00000, 0x0000000711a00000, 0x0000000711c00000|  0%| F|  |TAMS 0x0000000711a00000, 0x0000000711a00000| Untracked 
| 120|0x0000000711c00000, 0x0000000711c00000, 0x0000000711e00000|  0%| F|  |TAMS 0x0000000711c00000, 0x0000000711c00000| Untracked 
| 121|0x0000000711e00000, 0x0000000711e00000, 0x0000000712000000|  0%| F|  |TAMS 0x0000000711e00000, 0x0000000711e00000| Untracked 
| 122|0x0000000712000000, 0x0000000712000000, 0x0000000712200000|  0%| F|  |TAMS 0x0000000712000000, 0x0000000712000000| Untracked 
| 123|0x0000000712200000, 0x0000000712200000, 0x0000000712400000|  0%| F|  |TAMS 0x0000000712200000, 0x0000000712200000| Untracked 
| 124|0x0000000712400000, 0x0000000712554540, 0x0000000712600000| 66%| E|  |TAMS 0x0000000712400000, 0x0000000712400000| Complete 
| 125|0x0000000712600000, 0x0000000712800000, 0x0000000712800000|100%| E|CS|TAMS 0x0000000712600000, 0x0000000712600000| Complete 
| 126|0x0000000712800000, 0x0000000712a00000, 0x0000000712a00000|100%| E|CS|TAMS 0x0000000712800000, 0x0000000712800000| Complete 

Card table byte_map: [0x000002049b690000,0x000002049be80000] _byte_map_base: 0x0000020497e7a000

Marking Bits (Prev, Next): (CMBitMap*) 0x00000204843b1280, (CMBitMap*) 0x00000204843b12c0
 Prev Bits: [0x000002049c670000, 0x00000204a05c0000)
 Next Bits: [0x00000204a05c0000, 0x00000204a4510000)

Polling page: 0x0000020482320000

Metaspace:

Usage:
  Non-class:      1.80 MB used.
      Class:    207.22 KB used.
       Both:      2.00 MB used.

Virtual space:
  Non-class space:        8.00 MB reserved,       1.88 MB ( 23%) committed,  1 nodes.
      Class space:        1.00 GB reserved,     256.00 KB ( <1%) committed,  1 nodes.
             Both:        1.01 GB reserved,       2.12 MB ( <1%) committed. 

Chunk freelists:
   Non-Class:  3.42 MB
       Class:  3.64 MB
        Both:  7.06 MB

MaxMetaspaceSize: unlimited
CompressedClassSpaceSize: 1.00 GB
Initial GC threshold: 21.00 MB
Current GC threshold: 21.00 MB
CDS: on
MetaspaceReclaimPolicy: balanced
 - commit_granule_bytes: 65536.
 - commit_granule_words: 8192.
 - virtual_space_node_default_size: 1048576.
 - enlarge_chunks_in_place: 1.
 - new_chunks_are_fully_committed: 0.
 - uncommit_free_chunks: 1.
 - use_allocation_guard: 0.
 - handle_deallocations: 1.


Internal statistics:

num_allocs_failed_limit: 0.
num_arena_births: 36.
num_arena_deaths: 0.
num_vsnodes_births: 2.
num_vsnodes_deaths: 0.
num_space_committed: 34.
num_space_uncommitted: 0.
num_chunks_returned_to_freelist: 0.
num_chunks_taken_from_freelist: 77.
num_chunk_merges: 0.
num_chunk_splits: 48.
num_chunks_enlarged: 33.
num_purges: 0.
num_inconsistent_stats: 0.

CodeHeap 'non-profiled nmethods': size=120000Kb used=158Kb max_used=158Kb free=119841Kb
 bounds [0x0000020493640000, 0x00000204938b0000, 0x000002049ab70000]
CodeHeap 'profiled nmethods': size=120000Kb used=681Kb max_used=681Kb free=119318Kb
 bounds [0x000002048c110000, 0x000002048c380000, 0x0000020493640000]
CodeHeap 'non-nmethods': size=5760Kb used=1133Kb max_used=1145Kb free=4626Kb
 bounds [0x000002048bb70000, 0x000002048bde0000, 0x000002048c110000]
 total_blobs=922 nmethods=503 adapters=332
 compilation: enabled
              stopped_count=0, restarted_count=0
 full_count=0

Compilation events (20 events):
Event: 0.307 Thread 0x00000204a6f5f650  493       3       java.lang.invoke.MemberName::isResolved (13 bytes)
Event: 0.307 Thread 0x00000204a6f5f650 nmethod 493 0x000002048c1b3510 code [0x000002048c1b36a0, 0x000002048c1b3818]
Event: 0.307 Thread 0x00000204a6f5f650  481       1       java.util.zip.ZipEntry::getSize (5 bytes)
Event: 0.307 Thread 0x00000204a6f5f650 nmethod 481 0x0000020493666990 code [0x0000020493666b20, 0x0000020493666bf8]
Event: 0.307 Thread 0x00000204a6f5f650  497       1       java.util.Formatter$Flags::valueOf (5 bytes)
Event: 0.307 Thread 0x00000204a6f5f650 nmethod 497 0x0000020493666c90 code [0x0000020493666e20, 0x0000020493666ef8]
Event: 0.307 Thread 0x00000204a6f5f650  482       1       java.nio.HeapByteBuffer::isDirect (2 bytes)
Event: 0.308 Thread 0x00000204a6f5f650 nmethod 482 0x0000020493666f90 code [0x0000020493667120, 0x00000204936671f8]
Event: 0.308 Thread 0x00000204a6f5f650  498       3       java.util.Formatter$Flags::contains (22 bytes)
Event: 0.308 Thread 0x00000204a6f5f650 nmethod 498 0x000002048c1b3890 code [0x000002048c1b3a20, 0x000002048c1b3bd8]
Event: 0.308 Thread 0x00000204a6f5f650  499       3       java.util.regex.Matcher::groupCount (10 bytes)
Event: 0.308 Thread 0x00000204a6f5f650 nmethod 499 0x000002048c1b3c90 code [0x000002048c1b3e20, 0x000002048c1b3f38]
Event: 0.308 Thread 0x00000204a6f5f650  500       1       java.util.jar.Manifest::getEntries (5 bytes)
Event: 0.308 Thread 0x00000204a6f5f650 nmethod 500 0x0000020493667290 code [0x0000020493667420, 0x00000204936674f8]
Event: 0.308 Thread 0x00000204a6f5f650  502       3       java.util.jar.JarFile::maybeInstantiateVerifier (42 bytes)
Event: 0.309 Thread 0x00000204a6f5f650 nmethod 502 0x000002048c1b4010 code [0x000002048c1b41e0, 0x000002048c1b4578]
Event: 0.309 Thread 0x00000204a6f5f650  501       1       java.util.jar.Manifest::getMainAttributes (5 bytes)
Event: 0.309 Thread 0x00000204a6f5f650 nmethod 501 0x0000020493667590 code [0x0000020493667720, 0x00000204936677f8]
Event: 0.309 Thread 0x00000204a6f5f650  503   !   3       java.net.URL::<init> (543 bytes)
Event: 0.313 Thread 0x00000204a6f5f650 nmethod 503 0x000002048c1b4690 code [0x000002048c1b4d20, 0x000002048c1b86c8]

GC Heap History (0 events):
No events

Deoptimization events (20 events):
Event: 0.164 Thread 0x0000020484360960 DEOPT PACKING pc=0x000002048c148c65 sp=0x0000004bd91faae0
Event: 0.164 Thread 0x0000020484360960 DEOPT UNPACKING pc=0x000002048bbc2b43 sp=0x0000004bd91f9f58 mode 0
Event: 0.174 Thread 0x0000020484360960 Uncommon trap: trap_request=0xffffffbe fr.pc=0x0000020493656be0 relative=0x0000000000000440
Event: 0.174 Thread 0x0000020484360960 Uncommon trap: reason=profile_predicate action=maybe_recompile pc=0x0000020493656be0 method=java.lang.StringLatin1.indexOf([BI[BII)I @ 18 c2
Event: 0.174 Thread 0x0000020484360960 DEOPT PACKING pc=0x0000020493656be0 sp=0x0000004bd91fd150
Event: 0.174 Thread 0x0000020484360960 DEOPT UNPACKING pc=0x000002048bbc23a3 sp=0x0000004bd91fd0d8 mode 2
Event: 0.176 Thread 0x0000020484360960 Uncommon trap: trap_request=0xffffffbe fr.pc=0x0000020493656be0 relative=0x0000000000000440
Event: 0.176 Thread 0x0000020484360960 Uncommon trap: reason=profile_predicate action=maybe_recompile pc=0x0000020493656be0 method=java.lang.StringLatin1.indexOf([BI[BII)I @ 18 c2
Event: 0.176 Thread 0x0000020484360960 DEOPT PACKING pc=0x0000020493656be0 sp=0x0000004bd91fd140
Event: 0.176 Thread 0x0000020484360960 DEOPT UNPACKING pc=0x000002048bbc23a3 sp=0x0000004bd91fd0c8 mode 2
Event: 0.177 Thread 0x0000020484360960 Uncommon trap: trap_request=0xffffff45 fr.pc=0x0000020493656384 relative=0x0000000000000264
Event: 0.177 Thread 0x0000020484360960 Uncommon trap: reason=unstable_if action=reinterpret pc=0x0000020493656384 method=java.lang.String.startsWith(Ljava/lang/String;I)Z @ 14 c2
Event: 0.177 Thread 0x0000020484360960 DEOPT PACKING pc=0x0000020493656384 sp=0x0000004bd91fde00
Event: 0.177 Thread 0x0000020484360960 DEOPT UNPACKING pc=0x000002048bbc23a3 sp=0x0000004bd91fdd60 mode 2
Event: 0.192 Thread 0x0000020484360960 Uncommon trap: trap_request=0xffffff45 fr.pc=0x0000020493656b68 relative=0x00000000000003c8
Event: 0.192 Thread 0x0000020484360960 Uncommon trap: reason=unstable_if action=reinterpret pc=0x0000020493656b68 method=java.lang.StringLatin1.indexOf([BI[BII)I @ 91 c2
Event: 0.192 Thread 0x0000020484360960 DEOPT PACKING pc=0x0000020493656b68 sp=0x0000004bd91fe5e0
Event: 0.192 Thread 0x0000020484360960 DEOPT UNPACKING pc=0x000002048bbc23a3 sp=0x0000004bd91fe568 mode 2
Event: 0.304 Thread 0x0000020484360960 DEOPT PACKING pc=0x000002048c1abd65 sp=0x0000004bd91fe340
Event: 0.304 Thread 0x0000020484360960 DEOPT UNPACKING pc=0x000002048bbc2b43 sp=0x0000004bd91fd7b8 mode 0

Classes unloaded (0 events):
No events

Classes redefined (0 events):
No events

Internal exceptions (4 events):
Event: 0.109 Thread 0x00000204a7a0f830 Exception <a 'java/lang/NoSuchMethodError'{0x0000000712675960}: 'java.lang.Object java.lang.invoke.DirectMethodHandle$Holder.invokeStaticInit(java.lang.Object)'> (0x0000000712675960) 
thrown [t:\workspace\open\src\hotspot\share\interpreter\linkResolver.cpp, line 766]
Event: 0.116 Thread 0x00000204a7a0f830 Exception <a 'java/lang/NoSuchMethodError'{0x0000000712683620}: 'void java.lang.invoke.DirectMethodHandle$Holder.invokeStatic(java.lang.Object, java.lang.Object)'> (0x0000000712683620) 
thrown [t:\workspace\open\src\hotspot\share\interpreter\linkResolver.cpp, line 766]
Event: 0.188 Thread 0x0000020484360960 Exception <a 'java/lang/NoSuchMethodError'{0x00000007124d00d8}: 'java.lang.Object java.lang.invoke.Invokers$Holder.linkToTargetMethod(java.lang.Object, long, java.lang.Object)'> (0x00000007124d00d8) 
thrown [t:\workspace\open\src\hotspot\share\interpreter\linkResolver.cpp, line 766]
Event: 0.193 Thread 0x0000020484360960 Exception <a 'sun/nio/fs/WindowsException'{0x00000007124db218}> (0x00000007124db218) 
thrown [t:\workspace\open\src\hotspot\share\prims\jni.cpp, line 516]

VM Operations (4 events):
Event: 0.069 Executing VM operation: HandshakeAllThreads
Event: 0.069 Executing VM operation: HandshakeAllThreads done
Event: 0.108 Executing VM operation: HandshakeAllThreads
Event: 0.108 Executing VM operation: HandshakeAllThreads done

Events (20 events):
Event: 0.195 loading class sun/nio/ch/FileDispatcherImpl
Event: 0.195 loading class sun/nio/ch/FileDispatcher
Event: 0.195 loading class sun/nio/ch/FileDispatcher done
Event: 0.195 loading class sun/nio/ch/FileDispatcherImpl done
Event: 0.195 loading class sun/nio/ch/FileChannelImpl$Closer
Event: 0.195 loading class sun/nio/ch/FileChannelImpl$Closer done
Event: 0.196 loading class java/nio/channels/Channels
Event: 0.196 loading class java/nio/channels/Channels done
Event: 0.196 loading class java/nio/channels/Channels$1
Event: 0.196 loading class java/nio/channels/Channels$1 done
Event: 0.196 loading class java/nio/channels/SelectableChannel
Event: 0.196 loading class java/nio/channels/SelectableChannel done
Event: 0.196 loading class sun/nio/ch/IOStatus
Event: 0.196 loading class sun/nio/ch/IOStatus done
Event: 0.300 Loaded shared library C:\Users\Joseph\AppData\Local\Temp\nativeutils10087389500600\iota_client.dll
Event: 0.300 Thread 0x00000204a7a74230 Thread exited: 0x00000204a7a74230
Event: 0.307 loading class java/util/Formatter$FixedString
Event: 0.307 loading class java/util/Formatter$FixedString done
Event: 0.310 loading class java/util/ConcurrentModificationException
Event: 0.310 loading class java/util/ConcurrentModificationException done


Dynamic libraries:
0x00007ff68e120000 - 0x00007ff68e130000 	C:\Program Files\Java\jdk-17\bin\java.exe
0x00007ffe2e8c0000 - 0x00007ffe2eac9000 	C:\WINDOWS\SYSTEM32\ntdll.dll
0x00007ffe2c870000 - 0x00007ffe2c92d000 	C:\WINDOWS\System32\KERNEL32.DLL
0x00007ffe2c3d0000 - 0x00007ffe2c749000 	C:\WINDOWS\System32\KERNELBASE.dll
0x00007ffe2c1f0000 - 0x00007ffe2c301000 	C:\WINDOWS\System32\ucrtbase.dll
0x00007ffe282c0000 - 0x00007ffe282d8000 	C:\Program Files\Java\jdk-17\bin\jli.dll
0x00007ffe28300000 - 0x00007ffe2831a000 	C:\Program Files\Java\jdk-17\bin\VCRUNTIME140.dll
0x00007ffe2d5c0000 - 0x00007ffe2d66e000 	C:\WINDOWS\System32\ADVAPI32.dll
0x00007ffe2d810000 - 0x00007ffe2d8b3000 	C:\WINDOWS\System32\msvcrt.dll
0x00007ffe2cd90000 - 0x00007ffe2ce2e000 	C:\WINDOWS\System32\sechost.dll
0x00007ffe2def0000 - 0x00007ffe2e010000 	C:\WINDOWS\System32\RPCRT4.dll
0x00007ffe2cb00000 - 0x00007ffe2ccac000 	C:\WINDOWS\System32\USER32.dll
0x00007ffe2c0d0000 - 0x00007ffe2c0f6000 	C:\WINDOWS\System32\win32u.dll
0x00007ffe08820000 - 0x00007ffe08ac5000 	C:\WINDOWS\WinSxS\amd64_microsoft.windows.common-controls_6595b64144ccf1df_6.0.22000.120_none_9d947278b86cc467\COMCTL32.dll
0x00007ffe2e090000 - 0x00007ffe2e0b9000 	C:\WINDOWS\System32\GDI32.dll
0x00007ffe2bfb0000 - 0x00007ffe2c0c2000 	C:\WINDOWS\System32\gdi32full.dll
0x00007ffe2bda0000 - 0x00007ffe2be3d000 	C:\WINDOWS\System32\msvcp_win.dll
0x00007ffe21a20000 - 0x00007ffe21a2a000 	C:\WINDOWS\SYSTEM32\VERSION.dll
0x00007ffe2deb0000 - 0x00007ffe2dee1000 	C:\WINDOWS\System32\IMM32.DLL
0x00007ffe283d0000 - 0x00007ffe283dc000 	C:\Program Files\Java\jdk-17\bin\vcruntime140_1.dll
0x00007ffe10c00000 - 0x00007ffe10c8d000 	C:\Program Files\Java\jdk-17\bin\msvcp140.dll
0x00007ffda1ba0000 - 0x00007ffda275e000 	C:\Program Files\Java\jdk-17\bin\server\jvm.dll
0x00007ffe2d5b0000 - 0x00007ffe2d5b8000 	C:\WINDOWS\System32\PSAPI.DLL
0x00007ffe22fa0000 - 0x00007ffe22fd3000 	C:\WINDOWS\SYSTEM32\WINMM.dll
0x00007ffe0dfb0000 - 0x00007ffe0dfb9000 	C:\WINDOWS\SYSTEM32\WSOCK32.dll
0x00007ffe2ca80000 - 0x00007ffe2caef000 	C:\WINDOWS\System32\WS2_32.dll
0x00007ffe2ae60000 - 0x00007ffe2ae78000 	C:\WINDOWS\SYSTEM32\kernel.appcore.dll
0x00007ffe28250000 - 0x00007ffe2825a000 	C:\Program Files\Java\jdk-17\bin\jimage.dll
0x00007ffe22300000 - 0x00007ffe22521000 	C:\WINDOWS\SYSTEM32\DBGHELP.DLL
0x00007ffe0f2b0000 - 0x00007ffe0f2e1000 	C:\WINDOWS\SYSTEM32\dbgcore.DLL
0x00007ffe2c100000 - 0x00007ffe2c17f000 	C:\WINDOWS\System32\bcryptPrimitives.dll
0x00007ffe0e730000 - 0x00007ffe0e73e000 	C:\Program Files\Java\jdk-17\bin\instrument.dll
0x00007ffe108e0000 - 0x00007ffe10905000 	C:\Program Files\Java\jdk-17\bin\java.dll
0x00007ffdf4c80000 - 0x00007ffdf4d56000 	C:\Program Files\Java\jdk-17\bin\svml.dll
0x00007ffe2e0c0000 - 0x00007ffe2e878000 	C:\WINDOWS\System32\SHELL32.dll
0x00007ffe29ed0000 - 0x00007ffe2a737000 	C:\WINDOWS\SYSTEM32\windows.storage.dll
0x00007ffe2cf10000 - 0x00007ffe2d289000 	C:\WINDOWS\System32\combase.dll
0x00007ffe29d60000 - 0x00007ffe29ec6000 	C:\WINDOWS\SYSTEM32\wintypes.dll
0x00007ffe2d4b0000 - 0x00007ffe2d59a000 	C:\WINDOWS\System32\SHCORE.dll
0x00007ffe2c930000 - 0x00007ffe2c98d000 	C:\WINDOWS\System32\shlwapi.dll
0x00007ffe2bcd0000 - 0x00007ffe2bcf1000 	C:\WINDOWS\SYSTEM32\profapi.dll
0x00007ffe0e780000 - 0x00007ffe0e798000 	C:\Program Files\Java\jdk-17\bin\zip.dll
0x00007ffe10a00000 - 0x00007ffe10a19000 	C:\Program Files\Java\jdk-17\bin\net.dll
0x00007ffe20eb0000 - 0x00007ffe20fbc000 	C:\WINDOWS\SYSTEM32\WINHTTP.dll
0x00007ffe2b290000 - 0x00007ffe2b2f7000 	C:\WINDOWS\system32\mswsock.dll
0x00007ffe0e7c0000 - 0x00007ffe0e7d5000 	C:\Program Files\Java\jdk-17\bin\nio.dll
0x00007ffdfb060000 - 0x00007ffdfb07a000 	C:\Program Files\JetBrains\IntelliJ IDEA 2020.2.2\bin\breakgen64.dll
0x00007ffda1260000 - 0x00007ffda1b91000 	C:\Users\Joseph\AppData\Local\Temp\nativeutils10087389500600\iota_client.dll
0x00007ffe2b700000 - 0x00007ffe2b727000 	C:\WINDOWS\SYSTEM32\bcrypt.dll
0x00007ffe2b510000 - 0x00007ffe2b51c000 	C:\WINDOWS\SYSTEM32\CRYPTBASE.DLL

dbghelp: loaded successfully - version: 4.0.5 - missing functions: none
symbol engine: initialized successfully - sym options: 0x614 - pdb path: .;C:\Program Files\Java\jdk-17\bin;C:\WINDOWS\SYSTEM32;C:\WINDOWS\WinSxS\amd64_microsoft.windows.common-controls_6595b64144ccf1df_6.0.22000.120_none_9d947278b86cc467;C:\Program Files\Java\jdk-17\bin\server;C:\Program Files\JetBrains\IntelliJ IDEA 2020.2.2\bin;C:\Users\Joseph\AppData\Local\Temp\nativeutils10087389500600

VM Arguments:
jvm_args: -javaagent:C:\Program Files\JetBrains\IntelliJ IDEA 2020.2.2\lib\idea_rt.jar=52066:C:\Program Files\JetBrains\IntelliJ IDEA 2020.2.2\bin -Dfile.encoding=UTF-8 
java_command: come.example.iota.NodeInfo
java_class_path (initial): C:\Users\Joseph\IdeaProjects\iota\iota_Experiments\Iota_Experiments\out\production\Iota_Experiments;C:\Users\Joseph\IdeaProjects\iota\iota_Experiments\Iota_Experiments\Iota_Experiment_1\libs\iota-client-java-1.0-SNAPSHOT.jar
Launcher Type: SUN_STANDARD

[Global flags]
     intx CICompilerCount                          = 4                                         {product} {ergonomic}
     uint ConcGCThreads                            = 2                                         {product} {ergonomic}
     uint G1ConcRefinementThreads                  = 8                                         {product} {ergonomic}
   size_t G1HeapRegionSize                         = 2097152                                   {product} {ergonomic}
    uintx GCDrainStackTargetSize                   = 64                                        {product} {ergonomic}
   size_t InitialHeapSize                          = 266338304                                 {product} {ergonomic}
   size_t MarkStackSize                            = 4194304                                   {product} {ergonomic}
   size_t MaxHeapSize                              = 4248829952                                {product} {ergonomic}
   size_t MaxNewSize                               = 2548039680                                {product} {ergonomic}
   size_t MinHeapDeltaBytes                        = 2097152                                   {product} {ergonomic}
   size_t MinHeapSize                              = 8388608                                   {product} {ergonomic}
    uintx NonNMethodCodeHeapSize                   = 5839372                                {pd product} {ergonomic}
    uintx NonProfiledCodeHeapSize                  = 122909434                              {pd product} {ergonomic}
    uintx ProfiledCodeHeapSize                     = 122909434                              {pd product} {ergonomic}
    uintx ReservedCodeCacheSize                    = 251658240                              {pd product} {ergonomic}
     bool SegmentedCodeCache                       = true                                      {product} {ergonomic}
   size_t SoftMaxHeapSize                          = 4248829952                             {manageable} {ergonomic}
     bool UseCompressedClassPointers               = true                           {product lp64_product} {ergonomic}
     bool UseCompressedOops                        = true                           {product lp64_product} {ergonomic}
     bool UseG1GC                                  = true                                      {product} {ergonomic}
     bool UseLargePagesIndividualAllocation        = false                                  {pd product} {ergonomic}

Logging:
Log output configuration:
 #0: stdout all=warning uptime,level,tags
 #1: stderr all=off uptime,level,tags

Environment Variables:
JAVA_HOME=C:\Program Files\Java\jdk-17
PATH=C:\Program Files\Common Files\Oracle\Java\javapath;C:\WINDOWS\system32;C:\WINDOWS;C:\WINDOWS\System32\Wbem;C:\WINDOWS\System32\WindowsPowerShell\v1.0\;C:\WINDOWS\System32\OpenSSH\;C:\Program Files (x86)\Intel\Intel(R) Management Engine Components\DAL;C:\Program Files\Intel\Intel(R) Management Engine Components\DAL;C:\MinGW\bin;C:\Program Files (x86)\Brackets\command;C:\Program Files\Git\cmd;C:\Program Files\Java\jdk-17\bin;C:\Program Files\Java\jdk-17\bin;C:\sqlite3;C:\Program Files\nodejs\;C:\ProgramData\chocolatey\bin;C:\Program Files\Docker\Docker\resources\bin;C:\ProgramData\DockerDesktop\version-bin;C:\maven\apache-maven-3.8.6\bin;C:\Users\Joseph\.cargo\bin;C:\Users\joseph\scoop\shims;C:\Users\Joseph\AppData\Local\Programs\Python\Python310\Scripts\;C:\Users\Joseph\AppData\Local\Programs\Python\Python310\;C:\Users\joseph\AppData\Local\Microsoft\WindowsApps;C:\Users\joseph\AppData\Local\atom\bin;C:\Users\joseph\gradle-6.3-bin\bin;C:\Program Files\Java\jdk-15\bin;C:\Users\joseph\dart-sdk\lib;C:\Users\joseph\dart-sdk\bin;C:\Users\joseph\flutter\bin;C:\Users\joseph\AppData\Local\Programs\MiKTeX\miktex\bin\x64\;C:\Users\joseph\AppData\Local\GitHubDesktop\bin;C:\Users\Joseph\AppData\Local\Microsoft\WindowsApps;C:/Users/Joseph/bin;;C:\Users\Joseph\AppData\Roaming\npm
USERNAME=Joseph
OS=Windows_NT
PROCESSOR_IDENTIFIER=Intel64 Family 6 Model 142 Stepping 11, GenuineIntel



---------------  S Y S T E M  ---------------

OS:
 Windows 10 , 64 bit Build 22000 (10.0.22000.708)
OS uptime: 0 days 2:48 hours
Hyper-V role detected

CPU: total 8 (initial active 8) (4 cores per cpu, 2 threads per core) family 6 model 142 stepping 11 microcode 0xde, cx8, cmov, fxsr, ht, mmx, 3dnowpref, sse, sse2, sse3, ssse3, sse4.1, sse4.2, popcnt, lzcnt, tsc, tscinvbit, avx, avx2, aes, erms, clmul, bmi1, bmi2, adx, fma, vzeroupper, clflush, clflushopt, hv

Memory: 4k page, system-wide physical 16205M (1917M free)
TotalPageFile size 16205M (AvailPageFile size 788M)
current process WorkingSet (physical memory assigned to process): 42M, peak: 42M
current process commit charge ("private bytes"): 345M, peak: 345M

vm_info: Java HotSpot(TM) 64-Bit Server VM (17+35-LTS-2724) for windows-amd64 JRE (17+35-LTS-2724), built on Aug  5 2021 23:28:28 by "mach5one" with MS VC++ 16.8 (VS2019)

END.
